<?xml version="1.0" encoding="UTF-8"?>
<!-- Generated by org.testng.reporters.JUnitReportReporter -->
<testsuite hostname="DESKTOP-36HRAIA" failures="0" tests="16" name="tests.WeatherTest" time="255.665" errors="0" timestamp="2021-06-30T08:31:48 IDT" skipped="0">
  <testcase classname="tests.WeatherTest" name="tc02_redirectCityToRightPage" time="6.451"/>
  <system-out/>
  <testcase classname="tests.WeatherTest" name="tc02_redirectCityToRightPage" time="6.858"/>
  <system-out/>
  <testcase classname="tests.WeatherTest" name="tc02_redirectCityToRightPage" time="6.521"/>
  <system-out/>
  <testcase classname="tests.WeatherTest" name="tc02_redirectCityToRightPage" time="6.636"/>
  <system-out/>
  <testcase classname="tests.WeatherTest" name="tc02_redirectCityToRightPage" time="6.470"/>
  <system-out/>
  <testcase classname="tests.WeatherTest" name="tc01_checkCities" time="26.224"/>
  <system-out/>
  <testcase classname="tests.WeatherTest" name="tc02_redirectCityToRightPage" time="6.384"/>
  <system-out/>
  <testcase classname="tests.WeatherTest" name="tc01_checkCities" time="15.722"/>
  <system-out/>
  <testcase classname="tests.WeatherTest" name="tc02_redirectCityToRightPage" time="6.580"/>
  <system-out/>
  <testcase classname="tests.WeatherTest" name="tc01_checkCities" time="26.293"/>
  <system-out/>
  <testcase classname="tests.WeatherTest" name="tc01_checkCities" time="27.264"/>
  <system-out/>
  <testcase classname="tests.WeatherTest" name="tc02_redirectCityToRightPage" time="7.649"/>
  <system-out/>
  <testcase classname="tests.WeatherTest" name="tc01_checkCities" time="26.581"/>
  <system-out/>
  <testcase classname="tests.WeatherTest" name="tc01_checkCities" time="26.315"/>
  <system-out/>
  <testcase classname="tests.WeatherTest" name="tc01_checkCities" time="27.034"/>
  <system-out/>
  <testcase classname="tests.WeatherTest" name="tc01_checkCities" time="26.683"/>
  <system-out/>
</testsuite> <!-- tests.WeatherTest -->
